<?xml version="1.0" encoding="UTF-8"?>
<!-- Generated by org.testng.reporters.JUnitReportReporter -->
<testsuite skipped="0" hostname="DESKTOP-QNUHC97" name="NewTest" tests="1" failures="0" timestamp="2021-04-18T13:53:15 IST" time="971.885" errors="0">
  <testcase name="f" time="971.885" classname="NewTest"/>
  <system-out/>
</testsuite> <!-- NewTest -->
